<?xml version="1.0" encoding="UTF-8"?>
<!-- Generated by org.testng.reporters.JUnitReportReporter -->
<testsuite hostname="DESKTOP-R2HRPMO" failures="0" tests="1" name="dataProviderStudy.FB_AccountFormUsingXml" time="9.554" errors="0" timestamp="2024-03-06T13:23:51 IST" skipped="0">
  <testcase classname="dataProviderStudy.FB_AccountFormUsingXml" name="fbXML_Data" time="9.554"/>
</testsuite> <!-- dataProviderStudy.FB_AccountFormUsingXml -->
