<?xml version="1.0" encoding="UTF-8"?>
<!-- Generated by org.testng.reporters.JUnitReportReporter -->
<testsuite hostname="DESKTOP-R2HRPMO" failures="0" tests="8" name="testNG_Study.Grouping_TestNG" time="0.073" errors="0" timestamp="2024-03-05T21:34:59 IST" skipped="0">
  <testcase classname="testNG_Study.Grouping_TestNG" name="myAfterMethod" time="0.019">
    <system-out>
      <![CDATA[This is after method]]>
    </system-out>
  </testcase> <!-- myAfterMethod -->
  <testcase classname="testNG_Study.Grouping_TestNG" name="myBeforeMethod" time="0.005">
    <system-out>
      <![CDATA[This is before method]]>
    </system-out>
  </testcase> <!-- myBeforeMethod -->
  <testcase classname="testNG_Study.Grouping_TestNG" name="beforeSuit" time="0.004">
    <system-out>
      <![CDATA[Before suite method]]>
    </system-out>
  </testcase> <!-- beforeSuit -->
  <testcase classname="testNG_Study.Grouping_TestNG" name="afterClass" time="0.019">
    <system-out>
      <![CDATA[After class method]]>
    </system-out>
  </testcase> <!-- afterClass -->
  <testcase classname="testNG_Study.Grouping_TestNG" name="beforeClass" time="0.004">
    <system-out>
      <![CDATA[Before class method]]>
    </system-out>
  </testcase> <!-- beforeClass -->
  <testcase classname="testNG_Study.Grouping_TestNG" name="e" time="0.006">
    <system-out>
      <![CDATA[This is test e method]]>
    </system-out>
  </testcase> <!-- e -->
  <testcase classname="testNG_Study.Grouping_TestNG" name="afterSuit" time="0.005">
    <system-out>
      <![CDATA[after suite method]]>
    </system-out>
  </testcase> <!-- afterSuit -->
  <testcase classname="testNG_Study.Grouping_TestNG" name="f" time="0.011">
    <system-out>
      <![CDATA[This is test f method]]>
    </system-out>
  </testcase> <!-- f -->
  <system-out>
    <![CDATA[After class method
after suite method
Before class method
Before suite method
This is test e method
This is test f method
This is after method
This is before method]]>
  </system-out>
</testsuite> <!-- testNG_Study.Grouping_TestNG -->
