<?xml version="1.0" encoding="UTF-8"?>
<!-- Generated by org.testng.reporters.JUnitReportReporter -->
<testsuite hostname="DESKTOP-R2HRPMO" failures="0" tests="2" name="testNG_Study.testNG_Priority" time="0.039" errors="0" timestamp="2024-03-03T15:59:17 IST" skipped="0">
  <testcase classname="testNG_Study.testNG_Priority" name="z" time="0.025">
    <system-out>
      <![CDATA[This is test z method]]>
    </system-out>
  </testcase> <!-- z -->
  <testcase classname="testNG_Study.testNG_Priority" name="f" time="0.014">
    <system-out>
      <![CDATA[This is test f method]]>
    </system-out>
  </testcase> <!-- f -->
  <system-out>
    <![CDATA[Before class method
This is before method
This is test z method
This is after method
This is before method
This is test f method
This is after method
After class method]]>
  </system-out>
</testsuite> <!-- testNG_Study.testNG_Priority -->
