<?xml version="1.0" encoding="UTF-8"?>
<!-- Generated by org.testng.reporters.JUnitReportReporter -->
<testsuite hostname="DESKTOP-R2HRPMO" failures="0" tests="1" name="testNGassertions.NormalValidation" time="7.139" errors="0" timestamp="2024-03-05T23:16:58 IST" skipped="0">
  <testcase classname="testNGassertions.NormalValidation" name="facebook" time="7.139"/>
</testsuite> <!-- testNGassertions.NormalValidation -->
