<?xml version="1.0" encoding="UTF-8"?>
<!-- Generated by org.testng.reporters.JUnitReportReporter -->
<testsuite hostname="DESKTOP-R2HRPMO" failures="0" tests="2" name="testNG_Study.Demo3_TestNG" time="0.020" errors="0" timestamp="2024-03-03T16:55:57 IST" skipped="0">
  <testcase classname="testNG_Study.Demo3_TestNG" name="e" time="0.011">
    <system-out>
      <![CDATA[This is test e method]]>
    </system-out>
  </testcase> <!-- e -->
  <testcase classname="testNG_Study.Demo3_TestNG" name="f" time="0.009">
    <system-out>
      <![CDATA[This is test f method]]>
    </system-out>
  </testcase> <!-- f -->
  <system-out>
    <![CDATA[Before suite method
This is test f method
Before class method
This is before method
This is test z method
This is after method
This is before method
This is test f method
This is after method
This is before method
This is test f method
This is after method
This is before method
This is test f method
This is after method
This is before method
This is test e method
This is after method
After class method
Before class method
This is before method
This is test e method
This is after method
This is before method
This is test f method
This is after method
After class method
Hi this is reporter
Hi this is reporter boolean log
after suite method]]>
  </system-out>
</testsuite> <!-- testNG_Study.Demo3_TestNG -->
