<?xml version="1.0" encoding="UTF-8"?>
<!-- Generated by org.testng.reporters.JUnitReportReporter -->
<testsuite hostname="DESKTOP-R2HRPMO" failures="0" tests="1" name="testNG_Study.DemoTestNG" time="8.026" errors="0" timestamp="2024-03-01T19:28:21 IST" skipped="0">
  <testcase classname="testNG_Study.DemoTestNG" name="KiteLogin" time="8.026"/>
</testsuite> <!-- testNG_Study.DemoTestNG -->
