<?xml version="1.0" encoding="UTF-8"?>
<!-- Generated by org.testng.reporters.JUnitReportReporter -->
<testsuite hostname="DESKTOP-R2HRPMO" failures="0" tests="1" name="coverFoxUsingTestNG.CF_TC01_Validate_Search_result_for_heathcarePoliciesT" time="16.016" errors="0" timestamp="2024-03-07T00:58:44 IST" skipped="0">
  <testcase classname="coverFoxUsingTestNG.CF_TC01_Validate_Search_result_for_heathcarePoliciesT" name="validateTestPlans" time="16.016">
    <system-out>
      <![CDATA[Test case passed!!!]]>
    </system-out>
  </testcase> <!-- validateTestPlans -->
  <system-out>
    <![CDATA[Launching browser
Test case passed!!!]]>
  </system-out>
</testsuite> <!-- coverFoxUsingTestNG.CF_TC01_Validate_Search_result_for_heathcarePoliciesT -->
