<?xml version="1.0" encoding="UTF-8"?>
<!-- Generated by org.testng.reporters.JUnitReportReporter -->
<testsuite hostname="DESKTOP-R2HRPMO" failures="0" tests="1" name="testNG_XMLuse.Ajio" time="22.269" errors="0" timestamp="2024-03-05T21:50:36 IST" skipped="0">
  <testcase classname="testNG_XMLuse.Ajio" name="ajio" time="22.269"/>
</testsuite> <!-- testNG_XMLuse.Ajio -->
