<?xml version="1.0" encoding="UTF-8"?>
<!-- Generated by org.testng.reporters.JUnitReportReporter -->
<testsuite hostname="DESKTOP-R2HRPMO" failures="0" tests="2" name="cb_Testing.CrossBrowser" time="32.085" errors="0" timestamp="2024-03-06T14:12:55 IST" skipped="0">
  <testcase classname="cb_Testing.CrossBrowser" name="fbXML_Data" time="12.714"/>
  <testcase classname="cb_Testing.CrossBrowser" name="fbXML_Data" time="19.371"/>
</testsuite> <!-- cb_Testing.CrossBrowser -->
