<?xml version="1.0" encoding="UTF-8"?>
<!-- Generated by org.testng.reporters.JUnitReportReporter -->
<testsuite hostname="DESKTOP-R2HRPMO" failures="0" tests="2" name="testNG_Study.TestNG_DependsOnMEthod" time="0.017" errors="0" timestamp="2024-03-03T16:57:27 IST" skipped="1">
  <testcase classname="testNG_Study.TestNG_DependsOnMEthod" name="f" time="0.017">
    <system-out>
      <![CDATA[This is test f method]]>
    </system-out>
  </testcase> <!-- f -->
  <testcase classname="testNG_Study.TestNG_DependsOnMEthod" name="a">
    <skipped/>
  </testcase> <!-- a -->
  <system-out>
    <![CDATA[This is test f method]]>
  </system-out>
</testsuite> <!-- testNG_Study.TestNG_DependsOnMEthod -->
