<?xml version="1.0" encoding="UTF-8"?>
<!-- Generated by org.testng.reporters.JUnitReportReporter -->
<testsuite hostname="DESKTOP-R2HRPMO" failures="0" tests="1" name="coverFoxTest.CF_TC01_Validate_Search_result_for_heathcarePoliciesT" time="14.782" errors="0" timestamp="2024-03-09T18:45:41 IST" skipped="0">
  <testcase classname="coverFoxTest.CF_TC01_Validate_Search_result_for_heathcarePoliciesT" name="validateTestPlans" time="14.782">
    <system-out>
      <![CDATA[Test case validateTestPlansstarted successfully  
Test case passed!!!
Test case validateTestPlans is completed succesfully ]]>
    </system-out>
  </testcase> <!-- validateTestPlans -->
  <system-out>
    <![CDATA[Launching browser
Test case validateTestPlansstarted successfully  
Test case passed!!!
Test case validateTestPlans is completed succesfully ]]>
  </system-out>
</testsuite> <!-- coverFoxTest.CF_TC01_Validate_Search_result_for_heathcarePoliciesT -->
