<?xml version="1.0" encoding="UTF-8"?>
<!-- Generated by org.testng.reporters.JUnitReportReporter -->
<testsuite hostname="DESKTOP-R2HRPMO" failures="0" tests="3" name="dataProviderStudy.FB_AccountForm" time="29.909" errors="0" timestamp="2024-03-06T13:11:50 IST" skipped="0">
  <testcase classname="dataProviderStudy.FB_AccountForm" name="fbFormSubmit" time="7.767"/>
  <testcase classname="dataProviderStudy.FB_AccountForm" name="fbFormSubmit" time="8.135"/>
  <testcase classname="dataProviderStudy.FB_AccountForm" name="fbFormSubmit" time="14.007"/>
</testsuite> <!-- dataProviderStudy.FB_AccountForm -->
